c:\users\carlos\documents\computer science\ci517 engine project\ci517 - engine\ci517 - engine\x64\debug\vc143.pdb
c:\users\carlos\documents\computer science\ci517 engine project\ci517 - engine\ci517 - engine\x64\debug\vc143.idb
c:\users\carlos\documents\computer science\ci517 engine project\ci517 - engine\ci517 - engine\x64\debug\xcube2d.obj
c:\users\carlos\documents\computer science\ci517 engine project\ci517 - engine\ci517 - engine\x64\debug\mygame.obj
c:\users\carlos\documents\computer science\ci517 engine project\ci517 - engine\ci517 - engine\x64\debug\graphicsengine.obj
c:\users\carlos\documents\computer science\ci517 engine project\ci517 - engine\ci517 - engine\x64\debug\eventengine.obj
c:\users\carlos\documents\computer science\ci517 engine project\ci517 - engine\ci517 - engine\x64\debug\ci517 - engine.obj
c:\users\carlos\documents\computer science\ci517 engine project\ci517 - engine\ci517 - engine\x64\debug\abstractgame.obj
c:\users\carlos\documents\computer science\ci517 engine project\ci517 - engine\ci517 - engine\x64\debug\ci517 - engine.ilk
c:\users\carlos\documents\computer science\ci517 engine project\ci517 - engine\x64\debug\ci517 - engine.pdb
c:\users\carlos\documents\computer science\ci517 engine project\ci517 - engine\ci517 - engine\x64\debug\ci517 - engine.tlog\cl.command.1.tlog
c:\users\carlos\documents\computer science\ci517 engine project\ci517 - engine\ci517 - engine\x64\debug\ci517 - engine.tlog\cl.items.tlog
c:\users\carlos\documents\computer science\ci517 engine project\ci517 - engine\ci517 - engine\x64\debug\ci517 - engine.tlog\cl.read.1.tlog
c:\users\carlos\documents\computer science\ci517 engine project\ci517 - engine\ci517 - engine\x64\debug\ci517 - engine.tlog\cl.write.1.tlog
c:\users\carlos\documents\computer science\ci517 engine project\ci517 - engine\ci517 - engine\x64\debug\ci517 - engine.tlog\link.39184-cvtres.read.1.tlog
c:\users\carlos\documents\computer science\ci517 engine project\ci517 - engine\ci517 - engine\x64\debug\ci517 - engine.tlog\link.39184-cvtres.write.1.tlog
c:\users\carlos\documents\computer science\ci517 engine project\ci517 - engine\ci517 - engine\x64\debug\ci517 - engine.tlog\link.39184-rc.read.1.tlog
c:\users\carlos\documents\computer science\ci517 engine project\ci517 - engine\ci517 - engine\x64\debug\ci517 - engine.tlog\link.39184-rc.write.1.tlog
c:\users\carlos\documents\computer science\ci517 engine project\ci517 - engine\ci517 - engine\x64\debug\ci517 - engine.tlog\link.39184.read.1.tlog
c:\users\carlos\documents\computer science\ci517 engine project\ci517 - engine\ci517 - engine\x64\debug\ci517 - engine.tlog\link.39184.read.2.tlog
c:\users\carlos\documents\computer science\ci517 engine project\ci517 - engine\ci517 - engine\x64\debug\ci517 - engine.tlog\link.39184.read.3.tlog
c:\users\carlos\documents\computer science\ci517 engine project\ci517 - engine\ci517 - engine\x64\debug\ci517 - engine.tlog\link.39184.read.4.tlog
c:\users\carlos\documents\computer science\ci517 engine project\ci517 - engine\ci517 - engine\x64\debug\ci517 - engine.tlog\link.39184.read.5.tlog
c:\users\carlos\documents\computer science\ci517 engine project\ci517 - engine\ci517 - engine\x64\debug\ci517 - engine.tlog\link.39184.write.1.tlog
c:\users\carlos\documents\computer science\ci517 engine project\ci517 - engine\ci517 - engine\x64\debug\ci517 - engine.tlog\link.command.1.tlog
c:\users\carlos\documents\computer science\ci517 engine project\ci517 - engine\ci517 - engine\x64\debug\ci517 - engine.tlog\link.read.1.tlog
c:\users\carlos\documents\computer science\ci517 engine project\ci517 - engine\ci517 - engine\x64\debug\ci517 - engine.tlog\link.secondary.1.tlog
c:\users\carlos\documents\computer science\ci517 engine project\ci517 - engine\ci517 - engine\x64\debug\ci517 - engine.tlog\link.write.1.tlog
