  AbstractGame.cpp
C:\Users\carlos\Documents\Computer Science\CI517 Engine project\CI517-Engine\GameMath.h(42,9): warning C4244: '+=': conversion from 'const float' to 'int', possible loss of data
C:\Users\carlos\Documents\Computer Science\CI517 Engine project\CI517-Engine\GameMath.h(43,9): warning C4244: '+=': conversion from 'const float' to 'int', possible loss of data
C:\Users\carlos\Documents\Computer Science\CI517 Engine project\CI517-Engine\GameMath.h(48,9): warning C4244: '-=': conversion from 'const float' to 'int', possible loss of data
C:\Users\carlos\Documents\Computer Science\CI517 Engine project\CI517-Engine\GameMath.h(49,9): warning C4244: '-=': conversion from 'const float' to 'int', possible loss of data
C:\Users\carlos\Documents\Computer Science\CI517 Engine project\CI517-Engine\GameMath.h(96,21): warning C4838: conversion from 'const float' to 'int' requires a narrowing conversion
C:\Users\carlos\Documents\Computer Science\CI517 Engine project\CI517-Engine\GameMath.h(96,21): warning C4244: 'initializing': conversion from 'const float' to 'int', possible loss of data
C:\Users\carlos\Documents\Computer Science\CI517 Engine project\CI517-Engine\GameMath.h(96,24): warning C4838: conversion from 'const float' to 'int' requires a narrowing conversion
C:\Users\carlos\Documents\Computer Science\CI517 Engine project\CI517-Engine\GameMath.h(96,24): warning C4244: 'initializing': conversion from 'const float' to 'int', possible loss of data
C:\Users\carlos\Documents\Computer Science\CI517 Engine project\CI517-Engine\GameMath.h(96,27): warning C4838: conversion from 'const float' to 'int' requires a narrowing conversion
C:\Users\carlos\Documents\Computer Science\CI517 Engine project\CI517-Engine\GameMath.h(96,27): warning C4244: 'initializing': conversion from 'const float' to 'int', possible loss of data
C:\Users\carlos\Documents\Computer Science\CI517 Engine project\CI517-Engine\GameMath.h(96,30): warning C4838: conversion from 'const float' to 'int' requires a narrowing conversion
C:\Users\carlos\Documents\Computer Science\CI517 Engine project\CI517-Engine\GameMath.h(96,30): warning C4244: 'initializing': conversion from 'const float' to 'int', possible loss of data
C:\Users\carlos\Documents\Computer Science\CI517 Engine project\CI517-Engine\GameMath.h(114,21): warning C4838: conversion from 'float' to 'int' requires a narrowing conversion
C:\Users\carlos\Documents\Computer Science\CI517 Engine project\CI517-Engine\GameMath.h(114,21): warning C4244: 'initializing': conversion from 'float' to 'int', possible loss of data
C:\Users\carlos\Documents\Computer Science\CI517 Engine project\CI517-Engine\GameMath.h(114,24): warning C4838: conversion from 'float' to 'int' requires a narrowing conversion
C:\Users\carlos\Documents\Computer Science\CI517 Engine project\CI517-Engine\GameMath.h(114,24): warning C4244: 'initializing': conversion from 'float' to 'int', possible loss of data
C:\Users\carlos\Documents\Computer Science\CI517 Engine project\CI517-Engine\GameMath.h(114,27): warning C4838: conversion from 'float' to 'int' requires a narrowing conversion
C:\Users\carlos\Documents\Computer Science\CI517 Engine project\CI517-Engine\GameMath.h(114,27): warning C4244: 'initializing': conversion from 'float' to 'int', possible loss of data
C:\Users\carlos\Documents\Computer Science\CI517 Engine project\CI517-Engine\GameMath.h(114,30): warning C4838: conversion from 'float' to 'int' requires a narrowing conversion
C:\Users\carlos\Documents\Computer Science\CI517 Engine project\CI517-Engine\GameMath.h(114,30): warning C4244: 'initializing': conversion from 'float' to 'int', possible loss of data
  CI517 - Engine.cpp
C:\Users\carlos\Documents\Computer Science\CI517 Engine project\CI517-Engine\GameMath.h(42,9): warning C4244: '+=': conversion from 'const float' to 'int', possible loss of data
C:\Users\carlos\Documents\Computer Science\CI517 Engine project\CI517-Engine\GameMath.h(43,9): warning C4244: '+=': conversion from 'const float' to 'int', possible loss of data
C:\Users\carlos\Documents\Computer Science\CI517 Engine project\CI517-Engine\GameMath.h(48,9): warning C4244: '-=': conversion from 'const float' to 'int', possible loss of data
C:\Users\carlos\Documents\Computer Science\CI517 Engine project\CI517-Engine\GameMath.h(49,9): warning C4244: '-=': conversion from 'const float' to 'int', possible loss of data
C:\Users\carlos\Documents\Computer Science\CI517 Engine project\CI517-Engine\GameMath.h(96,21): warning C4838: conversion from 'const float' to 'int' requires a narrowing conversion
C:\Users\carlos\Documents\Computer Science\CI517 Engine project\CI517-Engine\GameMath.h(96,21): warning C4244: 'initializing': conversion from 'const float' to 'int', possible loss of data
C:\Users\carlos\Documents\Computer Science\CI517 Engine project\CI517-Engine\GameMath.h(96,24): warning C4838: conversion from 'const float' to 'int' requires a narrowing conversion
C:\Users\carlos\Documents\Computer Science\CI517 Engine project\CI517-Engine\GameMath.h(96,24): warning C4244: 'initializing': conversion from 'const float' to 'int', possible loss of data
C:\Users\carlos\Documents\Computer Science\CI517 Engine project\CI517-Engine\GameMath.h(96,27): warning C4838: conversion from 'const float' to 'int' requires a narrowing conversion
C:\Users\carlos\Documents\Computer Science\CI517 Engine project\CI517-Engine\GameMath.h(96,27): warning C4244: 'initializing': conversion from 'const float' to 'int', possible loss of data
C:\Users\carlos\Documents\Computer Science\CI517 Engine project\CI517-Engine\GameMath.h(96,30): warning C4838: conversion from 'const float' to 'int' requires a narrowing conversion
C:\Users\carlos\Documents\Computer Science\CI517 Engine project\CI517-Engine\GameMath.h(96,30): warning C4244: 'initializing': conversion from 'const float' to 'int', possible loss of data
C:\Users\carlos\Documents\Computer Science\CI517 Engine project\CI517-Engine\GameMath.h(114,21): warning C4838: conversion from 'float' to 'int' requires a narrowing conversion
C:\Users\carlos\Documents\Computer Science\CI517 Engine project\CI517-Engine\GameMath.h(114,21): warning C4244: 'initializing': conversion from 'float' to 'int', possible loss of data
C:\Users\carlos\Documents\Computer Science\CI517 Engine project\CI517-Engine\GameMath.h(114,24): warning C4838: conversion from 'float' to 'int' requires a narrowing conversion
C:\Users\carlos\Documents\Computer Science\CI517 Engine project\CI517-Engine\GameMath.h(114,24): warning C4244: 'initializing': conversion from 'float' to 'int', possible loss of data
C:\Users\carlos\Documents\Computer Science\CI517 Engine project\CI517-Engine\GameMath.h(114,27): warning C4838: conversion from 'float' to 'int' requires a narrowing conversion
C:\Users\carlos\Documents\Computer Science\CI517 Engine project\CI517-Engine\GameMath.h(114,27): warning C4244: 'initializing': conversion from 'float' to 'int', possible loss of data
C:\Users\carlos\Documents\Computer Science\CI517 Engine project\CI517-Engine\GameMath.h(114,30): warning C4838: conversion from 'float' to 'int' requires a narrowing conversion
C:\Users\carlos\Documents\Computer Science\CI517 Engine project\CI517-Engine\GameMath.h(114,30): warning C4244: 'initializing': conversion from 'float' to 'int', possible loss of data
  EventEngine.cpp
C:\Users\carlos\Documents\Computer Science\CI517 Engine project\CI517-Engine\GameMath.h(42,9): warning C4244: '+=': conversion from 'const float' to 'int', possible loss of data
C:\Users\carlos\Documents\Computer Science\CI517 Engine project\CI517-Engine\GameMath.h(43,9): warning C4244: '+=': conversion from 'const float' to 'int', possible loss of data
C:\Users\carlos\Documents\Computer Science\CI517 Engine project\CI517-Engine\GameMath.h(48,9): warning C4244: '-=': conversion from 'const float' to 'int', possible loss of data
C:\Users\carlos\Documents\Computer Science\CI517 Engine project\CI517-Engine\GameMath.h(49,9): warning C4244: '-=': conversion from 'const float' to 'int', possible loss of data
C:\Users\carlos\Documents\Computer Science\CI517 Engine project\CI517-Engine\GameMath.h(96,21): warning C4838: conversion from 'const float' to 'int' requires a narrowing conversion
C:\Users\carlos\Documents\Computer Science\CI517 Engine project\CI517-Engine\GameMath.h(96,21): warning C4244: 'initializing': conversion from 'const float' to 'int', possible loss of data
C:\Users\carlos\Documents\Computer Science\CI517 Engine project\CI517-Engine\GameMath.h(96,24): warning C4838: conversion from 'const float' to 'int' requires a narrowing conversion
C:\Users\carlos\Documents\Computer Science\CI517 Engine project\CI517-Engine\GameMath.h(96,24): warning C4244: 'initializing': conversion from 'const float' to 'int', possible loss of data
C:\Users\carlos\Documents\Computer Science\CI517 Engine project\CI517-Engine\GameMath.h(96,27): warning C4838: conversion from 'const float' to 'int' requires a narrowing conversion
C:\Users\carlos\Documents\Computer Science\CI517 Engine project\CI517-Engine\GameMath.h(96,27): warning C4244: 'initializing': conversion from 'const float' to 'int', possible loss of data
C:\Users\carlos\Documents\Computer Science\CI517 Engine project\CI517-Engine\GameMath.h(96,30): warning C4838: conversion from 'const float' to 'int' requires a narrowing conversion
C:\Users\carlos\Documents\Computer Science\CI517 Engine project\CI517-Engine\GameMath.h(96,30): warning C4244: 'initializing': conversion from 'const float' to 'int', possible loss of data
C:\Users\carlos\Documents\Computer Science\CI517 Engine project\CI517-Engine\GameMath.h(114,21): warning C4838: conversion from 'float' to 'int' requires a narrowing conversion
C:\Users\carlos\Documents\Computer Science\CI517 Engine project\CI517-Engine\GameMath.h(114,21): warning C4244: 'initializing': conversion from 'float' to 'int', possible loss of data
C:\Users\carlos\Documents\Computer Science\CI517 Engine project\CI517-Engine\GameMath.h(114,24): warning C4838: conversion from 'float' to 'int' requires a narrowing conversion
C:\Users\carlos\Documents\Computer Science\CI517 Engine project\CI517-Engine\GameMath.h(114,24): warning C4244: 'initializing': conversion from 'float' to 'int', possible loss of data
C:\Users\carlos\Documents\Computer Science\CI517 Engine project\CI517-Engine\GameMath.h(114,27): warning C4838: conversion from 'float' to 'int' requires a narrowing conversion
C:\Users\carlos\Documents\Computer Science\CI517 Engine project\CI517-Engine\GameMath.h(114,27): warning C4244: 'initializing': conversion from 'float' to 'int', possible loss of data
C:\Users\carlos\Documents\Computer Science\CI517 Engine project\CI517-Engine\GameMath.h(114,30): warning C4838: conversion from 'float' to 'int' requires a narrowing conversion
C:\Users\carlos\Documents\Computer Science\CI517 Engine project\CI517-Engine\GameMath.h(114,30): warning C4244: 'initializing': conversion from 'float' to 'int', possible loss of data
  GraphicsEngine.cpp
C:\Users\carlos\Documents\Computer Science\CI517 Engine project\CI517-Engine\GameMath.h(42,9): warning C4244: '+=': conversion from 'const float' to 'int', possible loss of data
C:\Users\carlos\Documents\Computer Science\CI517 Engine project\CI517-Engine\GameMath.h(43,9): warning C4244: '+=': conversion from 'const float' to 'int', possible loss of data
C:\Users\carlos\Documents\Computer Science\CI517 Engine project\CI517-Engine\GameMath.h(48,9): warning C4244: '-=': conversion from 'const float' to 'int', possible loss of data
C:\Users\carlos\Documents\Computer Science\CI517 Engine project\CI517-Engine\GameMath.h(49,9): warning C4244: '-=': conversion from 'const float' to 'int', possible loss of data
C:\Users\carlos\Documents\Computer Science\CI517 Engine project\CI517-Engine\GameMath.h(96,21): warning C4838: conversion from 'const float' to 'int' requires a narrowing conversion
C:\Users\carlos\Documents\Computer Science\CI517 Engine project\CI517-Engine\GameMath.h(96,21): warning C4244: 'initializing': conversion from 'const float' to 'int', possible loss of data
C:\Users\carlos\Documents\Computer Science\CI517 Engine project\CI517-Engine\GameMath.h(96,24): warning C4838: conversion from 'const float' to 'int' requires a narrowing conversion
C:\Users\carlos\Documents\Computer Science\CI517 Engine project\CI517-Engine\GameMath.h(96,24): warning C4244: 'initializing': conversion from 'const float' to 'int', possible loss of data
C:\Users\carlos\Documents\Computer Science\CI517 Engine project\CI517-Engine\GameMath.h(96,27): warning C4838: conversion from 'const float' to 'int' requires a narrowing conversion
C:\Users\carlos\Documents\Computer Science\CI517 Engine project\CI517-Engine\GameMath.h(96,27): warning C4244: 'initializing': conversion from 'const float' to 'int', possible loss of data
C:\Users\carlos\Documents\Computer Science\CI517 Engine project\CI517-Engine\GameMath.h(96,30): warning C4838: conversion from 'const float' to 'int' requires a narrowing conversion
C:\Users\carlos\Documents\Computer Science\CI517 Engine project\CI517-Engine\GameMath.h(96,30): warning C4244: 'initializing': conversion from 'const float' to 'int', possible loss of data
C:\Users\carlos\Documents\Computer Science\CI517 Engine project\CI517-Engine\GameMath.h(114,21): warning C4838: conversion from 'float' to 'int' requires a narrowing conversion
C:\Users\carlos\Documents\Computer Science\CI517 Engine project\CI517-Engine\GameMath.h(114,21): warning C4244: 'initializing': conversion from 'float' to 'int', possible loss of data
C:\Users\carlos\Documents\Computer Science\CI517 Engine project\CI517-Engine\GameMath.h(114,24): warning C4838: conversion from 'float' to 'int' requires a narrowing conversion
C:\Users\carlos\Documents\Computer Science\CI517 Engine project\CI517-Engine\GameMath.h(114,24): warning C4244: 'initializing': conversion from 'float' to 'int', possible loss of data
C:\Users\carlos\Documents\Computer Science\CI517 Engine project\CI517-Engine\GameMath.h(114,27): warning C4838: conversion from 'float' to 'int' requires a narrowing conversion
C:\Users\carlos\Documents\Computer Science\CI517 Engine project\CI517-Engine\GameMath.h(114,27): warning C4244: 'initializing': conversion from 'float' to 'int', possible loss of data
C:\Users\carlos\Documents\Computer Science\CI517 Engine project\CI517-Engine\GameMath.h(114,30): warning C4838: conversion from 'float' to 'int' requires a narrowing conversion
C:\Users\carlos\Documents\Computer Science\CI517 Engine project\CI517-Engine\GameMath.h(114,30): warning C4244: 'initializing': conversion from 'float' to 'int', possible loss of data
  MyGame.cpp
C:\Users\carlos\Documents\Computer Science\CI517 Engine project\CI517-Engine\GameMath.h(42,9): warning C4244: '+=': conversion from 'const float' to 'int', possible loss of data
C:\Users\carlos\Documents\Computer Science\CI517 Engine project\CI517-Engine\GameMath.h(43,9): warning C4244: '+=': conversion from 'const float' to 'int', possible loss of data
C:\Users\carlos\Documents\Computer Science\CI517 Engine project\CI517-Engine\GameMath.h(48,9): warning C4244: '-=': conversion from 'const float' to 'int', possible loss of data
C:\Users\carlos\Documents\Computer Science\CI517 Engine project\CI517-Engine\GameMath.h(49,9): warning C4244: '-=': conversion from 'const float' to 'int', possible loss of data
C:\Users\carlos\Documents\Computer Science\CI517 Engine project\CI517-Engine\GameMath.h(96,21): warning C4838: conversion from 'const float' to 'int' requires a narrowing conversion
C:\Users\carlos\Documents\Computer Science\CI517 Engine project\CI517-Engine\GameMath.h(96,21): warning C4244: 'initializing': conversion from 'const float' to 'int', possible loss of data
C:\Users\carlos\Documents\Computer Science\CI517 Engine project\CI517-Engine\GameMath.h(96,24): warning C4838: conversion from 'const float' to 'int' requires a narrowing conversion
C:\Users\carlos\Documents\Computer Science\CI517 Engine project\CI517-Engine\GameMath.h(96,24): warning C4244: 'initializing': conversion from 'const float' to 'int', possible loss of data
C:\Users\carlos\Documents\Computer Science\CI517 Engine project\CI517-Engine\GameMath.h(96,27): warning C4838: conversion from 'const float' to 'int' requires a narrowing conversion
C:\Users\carlos\Documents\Computer Science\CI517 Engine project\CI517-Engine\GameMath.h(96,27): warning C4244: 'initializing': conversion from 'const float' to 'int', possible loss of data
C:\Users\carlos\Documents\Computer Science\CI517 Engine project\CI517-Engine\GameMath.h(96,30): warning C4838: conversion from 'const float' to 'int' requires a narrowing conversion
C:\Users\carlos\Documents\Computer Science\CI517 Engine project\CI517-Engine\GameMath.h(96,30): warning C4244: 'initializing': conversion from 'const float' to 'int', possible loss of data
C:\Users\carlos\Documents\Computer Science\CI517 Engine project\CI517-Engine\GameMath.h(114,21): warning C4838: conversion from 'float' to 'int' requires a narrowing conversion
C:\Users\carlos\Documents\Computer Science\CI517 Engine project\CI517-Engine\GameMath.h(114,21): warning C4244: 'initializing': conversion from 'float' to 'int', possible loss of data
C:\Users\carlos\Documents\Computer Science\CI517 Engine project\CI517-Engine\GameMath.h(114,24): warning C4838: conversion from 'float' to 'int' requires a narrowing conversion
C:\Users\carlos\Documents\Computer Science\CI517 Engine project\CI517-Engine\GameMath.h(114,24): warning C4244: 'initializing': conversion from 'float' to 'int', possible loss of data
C:\Users\carlos\Documents\Computer Science\CI517 Engine project\CI517-Engine\GameMath.h(114,27): warning C4838: conversion from 'float' to 'int' requires a narrowing conversion
C:\Users\carlos\Documents\Computer Science\CI517 Engine project\CI517-Engine\GameMath.h(114,27): warning C4244: 'initializing': conversion from 'float' to 'int', possible loss of data
C:\Users\carlos\Documents\Computer Science\CI517 Engine project\CI517-Engine\GameMath.h(114,30): warning C4838: conversion from 'float' to 'int' requires a narrowing conversion
C:\Users\carlos\Documents\Computer Science\CI517 Engine project\CI517-Engine\GameMath.h(114,30): warning C4244: 'initializing': conversion from 'float' to 'int', possible loss of data
C:\Users\carlos\Documents\Computer Science\CI517 Engine project\CI517-Engine\MyGame.cpp(99,2): warning C4552: '!': result of expression not used
  XCube2d.cpp
C:\Users\carlos\Documents\Computer Science\CI517 Engine project\CI517-Engine\GameMath.h(42,9): warning C4244: '+=': conversion from 'const float' to 'int', possible loss of data
C:\Users\carlos\Documents\Computer Science\CI517 Engine project\CI517-Engine\GameMath.h(43,9): warning C4244: '+=': conversion from 'const float' to 'int', possible loss of data
C:\Users\carlos\Documents\Computer Science\CI517 Engine project\CI517-Engine\GameMath.h(48,9): warning C4244: '-=': conversion from 'const float' to 'int', possible loss of data
C:\Users\carlos\Documents\Computer Science\CI517 Engine project\CI517-Engine\GameMath.h(49,9): warning C4244: '-=': conversion from 'const float' to 'int', possible loss of data
C:\Users\carlos\Documents\Computer Science\CI517 Engine project\CI517-Engine\GameMath.h(96,21): warning C4838: conversion from 'const float' to 'int' requires a narrowing conversion
C:\Users\carlos\Documents\Computer Science\CI517 Engine project\CI517-Engine\GameMath.h(96,21): warning C4244: 'initializing': conversion from 'const float' to 'int', possible loss of data
C:\Users\carlos\Documents\Computer Science\CI517 Engine project\CI517-Engine\GameMath.h(96,24): warning C4838: conversion from 'const float' to 'int' requires a narrowing conversion
C:\Users\carlos\Documents\Computer Science\CI517 Engine project\CI517-Engine\GameMath.h(96,24): warning C4244: 'initializing': conversion from 'const float' to 'int', possible loss of data
C:\Users\carlos\Documents\Computer Science\CI517 Engine project\CI517-Engine\GameMath.h(96,27): warning C4838: conversion from 'const float' to 'int' requires a narrowing conversion
C:\Users\carlos\Documents\Computer Science\CI517 Engine project\CI517-Engine\GameMath.h(96,27): warning C4244: 'initializing': conversion from 'const float' to 'int', possible loss of data
C:\Users\carlos\Documents\Computer Science\CI517 Engine project\CI517-Engine\GameMath.h(96,30): warning C4838: conversion from 'const float' to 'int' requires a narrowing conversion
C:\Users\carlos\Documents\Computer Science\CI517 Engine project\CI517-Engine\GameMath.h(96,30): warning C4244: 'initializing': conversion from 'const float' to 'int', possible loss of data
C:\Users\carlos\Documents\Computer Science\CI517 Engine project\CI517-Engine\GameMath.h(114,21): warning C4838: conversion from 'float' to 'int' requires a narrowing conversion
C:\Users\carlos\Documents\Computer Science\CI517 Engine project\CI517-Engine\GameMath.h(114,21): warning C4244: 'initializing': conversion from 'float' to 'int', possible loss of data
C:\Users\carlos\Documents\Computer Science\CI517 Engine project\CI517-Engine\GameMath.h(114,24): warning C4838: conversion from 'float' to 'int' requires a narrowing conversion
C:\Users\carlos\Documents\Computer Science\CI517 Engine project\CI517-Engine\GameMath.h(114,24): warning C4244: 'initializing': conversion from 'float' to 'int', possible loss of data
C:\Users\carlos\Documents\Computer Science\CI517 Engine project\CI517-Engine\GameMath.h(114,27): warning C4838: conversion from 'float' to 'int' requires a narrowing conversion
C:\Users\carlos\Documents\Computer Science\CI517 Engine project\CI517-Engine\GameMath.h(114,27): warning C4244: 'initializing': conversion from 'float' to 'int', possible loss of data
C:\Users\carlos\Documents\Computer Science\CI517 Engine project\CI517-Engine\GameMath.h(114,30): warning C4838: conversion from 'float' to 'int' requires a narrowing conversion
C:\Users\carlos\Documents\Computer Science\CI517 Engine project\CI517-Engine\GameMath.h(114,30): warning C4244: 'initializing': conversion from 'float' to 'int', possible loss of data
  Generating Code...
  CI517 - Engine.vcxproj -> C:\Users\carlos\Documents\Computer Science\CI517 Engine project\CI517-Engine\x64\Debug\CI517 - Engine.exe
